  [1m[35m (247.4ms)[0m  [1m[35mCREATE DATABASE "dating_app_api_development" ENCODING = 'unicode'[0m
  [1m[35m (79.7ms)[0m  [1m[35mCREATE DATABASE "dating_app_api_test" ENCODING = 'unicode'[0m
  [1m[35m (30.9ms)[0m  [1m[35mCREATE TABLE "schema_migrations" ("version" character varying NOT NULL PRIMARY KEY)[0m
  [1m[35m (5.0ms)[0m  [1m[35mCREATE TABLE "ar_internal_metadata" ("key" character varying NOT NULL PRIMARY KEY, "value" character varying, "created_at" timestamp(6) NOT NULL, "updated_at" timestamp(6) NOT NULL)[0m
  [1m[35m (0.7ms)[0m  [1m[34mSELECT pg_try_advisory_lock(1722971123778292395)[0m
  [1m[35m (0.8ms)[0m  [1m[34mSELECT "schema_migrations"."version" FROM "schema_migrations" ORDER BY "schema_migrations"."version" ASC[0m
Migrating to CreateUsers (20200505222332)
  [1m[35m (0.2ms)[0m  [1m[35mBEGIN[0m
  [1m[35m (9.4ms)[0m  [1m[35mCREATE TABLE "users" ("id" bigserial primary key, "name" character varying, "starsign" character varying, "age" integer, "img" character varying, "ltl" boolean, "created_at" timestamp(6) NOT NULL, "updated_at" timestamp(6) NOT NULL)[0m
  [1m[36mprimary::SchemaMigration Create (0.6ms)[0m  [1m[32mINSERT INTO "schema_migrations" ("version") VALUES ($1) RETURNING "version"[0m  [["version", "20200505222332"]]
  [1m[35m (1.3ms)[0m  [1m[35mCOMMIT[0m
  [1m[36mActiveRecord::InternalMetadata Load (0.4ms)[0m  [1m[34mSELECT "ar_internal_metadata".* FROM "ar_internal_metadata" WHERE "ar_internal_metadata"."key" = $1 LIMIT $2[0m  [["key", "environment"], ["LIMIT", 1]]
  [1m[35m (0.2ms)[0m  [1m[35mBEGIN[0m
  [1m[36mActiveRecord::InternalMetadata Create (1.4ms)[0m  [1m[32mINSERT INTO "ar_internal_metadata" ("key", "value", "created_at", "updated_at") VALUES ($1, $2, $3, $4) RETURNING "key"[0m  [["key", "environment"], ["value", "development"], ["created_at", "2020-05-05 22:24:10.389026"], ["updated_at", "2020-05-05 22:24:10.389026"]]
  [1m[35m (0.5ms)[0m  [1m[35mCOMMIT[0m
  [1m[35m (0.3ms)[0m  [1m[34mSELECT pg_advisory_unlock(1722971123778292395)[0m
  [1m[35m (0.9ms)[0m  [1m[34mSELECT "schema_migrations"."version" FROM "schema_migrations" ORDER BY "schema_migrations"."version" ASC[0m
  [1m[35m (1.1ms)[0m  [1m[34mSELECT "schema_migrations"."version" FROM "schema_migrations" ORDER BY "schema_migrations"."version" ASC[0m
  [1m[35m (0.2ms)[0m  [1m[35mBEGIN[0m
  [1m[36mUser Create (1.6ms)[0m  [1m[32mINSERT INTO "users" ("name", "starsign", "age", "img", "ltl", "created_at", "updated_at") VALUES ($1, $2, $3, $4, $5, $6, $7) RETURNING "id"[0m  [["name", "Ryan Gosling"], ["starsign", "Scorpio"], ["age", 35], ["img", "http://coolspotters.com/files/photos/591533/ryan-gosling-large.jpg?1357449177"], ["ltl", true], ["created_at", "2020-05-05 22:25:48.007935"], ["updated_at", "2020-05-05 22:25:48.007935"]]
  [1m[35m (0.7ms)[0m  [1m[35mCOMMIT[0m
  [1m[35m (0.1ms)[0m  [1m[35mBEGIN[0m
  [1m[36mUser Create (0.4ms)[0m  [1m[32mINSERT INTO "users" ("name", "starsign", "age", "img", "ltl", "created_at", "updated_at") VALUES ($1, $2, $3, $4, $5, $6, $7) RETURNING "id"[0m  [["name", " Hypatia of Alexandria  "], ["starsign", "Aries"], ["age", 1700], ["img", "http://static1.squarespace.com/static/53e031f1e4b088c3aac80e47/t/5636ebf1e4b0683b6c56cb43/1446440030277/hypatia.jpg"], ["ltl", true], ["created_at", "2020-05-05 22:25:48.021249"], ["updated_at", "2020-05-05 22:25:48.021249"]]
  [1m[35m (0.4ms)[0m  [1m[35mCOMMIT[0m
  [1m[35m (0.1ms)[0m  [1m[35mBEGIN[0m
  [1m[36mUser Create (0.4ms)[0m  [1m[32mINSERT INTO "users" ("name", "starsign", "age", "img", "ltl", "created_at", "updated_at") VALUES ($1, $2, $3, $4, $5, $6, $7) RETURNING "id"[0m  [["name", "Hogan"], ["starsign", "Libra"], ["age", 40], ["img", "http://myfivebest.com/wp-content/uploads/2010/10/crime_crane.jpg"], ["ltl", true], ["created_at", "2020-05-05 22:25:48.026068"], ["updated_at", "2020-05-05 22:25:48.026068"]]
  [1m[35m (0.6ms)[0m  [1m[35mCOMMIT[0m
  [1m[35m (0.1ms)[0m  [1m[35mBEGIN[0m
  [1m[36mUser Create (0.5ms)[0m  [1m[32mINSERT INTO "users" ("name", "starsign", "age", "img", "ltl", "created_at", "updated_at") VALUES ($1, $2, $3, $4, $5, $6, $7) RETURNING "id"[0m  [["name", "Lumpy Space Princess"], ["starsign", "Virgo"], ["age", 29], ["img", "http://i0.wp.com/www.drawcentral.com/wp-content/uploads/2013/03/Lumpy-Space-Princess.jpg?resize=150%2C150"], ["ltl", true], ["created_at", "2020-05-05 22:25:48.031672"], ["updated_at", "2020-05-05 22:25:48.031672"]]
  [1m[35m (0.5ms)[0m  [1m[35mCOMMIT[0m
  [1m[35m (0.1ms)[0m  [1m[35mBEGIN[0m
  [1m[36mUser Create (0.4ms)[0m  [1m[32mINSERT INTO "users" ("name", "starsign", "age", "img", "ltl", "created_at", "updated_at") VALUES ($1, $2, $3, $4, $5, $6, $7) RETURNING "id"[0m  [["name", "Idris Elba"], ["starsign", "Virgo"], ["age", 43], ["img", "http://www.ramascreen.com/wp-content/uploads/2015/01/Idris-Elba-Luther-150x150.jpg"], ["ltl", true], ["created_at", "2020-05-05 22:25:48.037459"], ["updated_at", "2020-05-05 22:25:48.037459"]]
  [1m[35m (0.5ms)[0m  [1m[35mCOMMIT[0m
  [1m[35m (0.1ms)[0m  [1m[35mBEGIN[0m
  [1m[36mUser Create (0.4ms)[0m  [1m[32mINSERT INTO "users" ("name", "starsign", "age", "img", "ltl", "created_at", "updated_at") VALUES ($1, $2, $3, $4, $5, $6, $7) RETURNING "id"[0m  [["name", "The Trash Heap of Fraggle Rock"], ["starsign", "Taurus"], ["age", 1000], ["img", "http://www.toughpigs.com/wp-content/uploads/2009/12/trasheap-150x150.jpg"], ["ltl", false], ["created_at", "2020-05-05 22:25:48.042331"], ["updated_at", "2020-05-05 22:25:48.042331"]]
  [1m[35m (0.6ms)[0m  [1m[35mCOMMIT[0m
  [1m[35m (0.1ms)[0m  [1m[35mBEGIN[0m
  [1m[36mUser Create (0.4ms)[0m  [1m[32mINSERT INTO "users" ("name", "starsign", "age", "img", "ltl", "created_at", "updated_at") VALUES ($1, $2, $3, $4, $5, $6, $7) RETURNING "id"[0m  [["name", "Guy Guy"], ["starsign", "Gemni"], ["age", 60], ["img", "https://s-media-cache-ak0.pinimg.com/236x/03/d1/53/03d153c14b49a88cab97d58a5bedb6e8.jpg"], ["ltl", false], ["created_at", "2020-05-05 22:25:48.047761"], ["updated_at", "2020-05-05 22:25:48.047761"]]
  [1m[35m (0.5ms)[0m  [1m[35mCOMMIT[0m
  [1m[35m (0.2ms)[0m  [1m[35mBEGIN[0m
  [1m[36mUser Create (0.4ms)[0m  [1m[32mINSERT INTO "users" ("name", "starsign", "age", "img", "ltl", "created_at", "updated_at") VALUES ($1, $2, $3, $4, $5, $6, $7) RETURNING "id"[0m  [["name", "Raisin"], ["starsign", "Gemni"], ["age", 20], ["img", "http://cdn.lifeinthefastlane.com/wp-content/uploads/2010/09/raisin.jpg"], ["ltl", false], ["created_at", "2020-05-05 22:25:48.053444"], ["updated_at", "2020-05-05 22:25:48.053444"]]
  [1m[35m (0.5ms)[0m  [1m[35mCOMMIT[0m
  [1m[35m (0.2ms)[0m  [1m[35mBEGIN[0m
  [1m[36mUser Create (1.7ms)[0m  [1m[32mINSERT INTO "users" ("name", "starsign", "age", "img", "ltl", "created_at", "updated_at") VALUES ($1, $2, $3, $4, $5, $6, $7) RETURNING "id"[0m  [["name", "Jim"], ["starsign", "Leo"], ["age", 49], ["img", "http://www.argylejournal.com/wp-content/uploads/2012/10/Jim-Ellinghausen-e1349993531939-150x150.jpg"], ["ltl", false], ["created_at", "2020-05-05 22:25:48.058674"], ["updated_at", "2020-05-05 22:25:48.058674"]]
  [1m[35m (0.5ms)[0m  [1m[35mCOMMIT[0m
  [1m[35m (0.2ms)[0m  [1m[35mBEGIN[0m
  [1m[36mUser Create (0.4ms)[0m  [1m[32mINSERT INTO "users" ("name", "starsign", "age", "img", "ltl", "created_at", "updated_at") VALUES ($1, $2, $3, $4, $5, $6, $7) RETURNING "id"[0m  [["name", "Muttley"], ["starsign", "Capricorn"], ["age", 2], ["img", "http://gifrific.com/wp-content/uploads/2012/08/Cartoon-Character-Mutley-Laughing-150x150.gif"], ["ltl", true], ["created_at", "2020-05-05 22:25:48.065685"], ["updated_at", "2020-05-05 22:25:48.065685"]]
  [1m[35m (0.5ms)[0m  [1m[35mCOMMIT[0m
  [1m[35m (0.1ms)[0m  [1m[35mBEGIN[0m
  [1m[36mUser Create (0.4ms)[0m  [1m[32mINSERT INTO "users" ("name", "starsign", "age", "img", "ltl", "created_at", "updated_at") VALUES ($1, $2, $3, $4, $5, $6, $7) RETURNING "id"[0m  [["name", "Slimer"], ["starsign", "Pisces"], ["age", 90], ["img", "http://orig13.deviantart.net/ef48/f/2014/309/1/5/slimer_by_bbjeg-d85exys.png"], ["ltl", true], ["created_at", "2020-05-05 22:25:48.070812"], ["updated_at", "2020-05-05 22:25:48.070812"]]
  [1m[35m (0.4ms)[0m  [1m[35mCOMMIT[0m
  [1m[35m (0.1ms)[0m  [1m[35mBEGIN[0m
  [1m[36mUser Create (0.5ms)[0m  [1m[32mINSERT INTO "users" ("name", "starsign", "age", "img", "ltl", "created_at", "updated_at") VALUES ($1, $2, $3, $4, $5, $6, $7) RETURNING "id"[0m  [["name", "Mist"], ["starsign", "Aquarius"], ["age", 340000], ["img", "http://www.kidthesaurus.com/wp-content/uploads/2015/07/mist-150x150.jpg"], ["ltl", true], ["created_at", "2020-05-05 22:25:48.075411"], ["updated_at", "2020-05-05 22:25:48.075411"]]
  [1m[35m (0.5ms)[0m  [1m[35mCOMMIT[0m
  [1m[35m (0.2ms)[0m  [1m[35mBEGIN[0m
  [1m[36mUser Create (0.4ms)[0m  [1m[32mINSERT INTO "users" ("name", "starsign", "age", "img", "ltl", "created_at", "updated_at") VALUES ($1, $2, $3, $4, $5, $6, $7) RETURNING "id"[0m  [["name", "Ching Shih"], ["starsign", "Sagittarius"], ["age", 340000], ["img", "http://treehouseletter.com/wp-content/uploads/2015/04/Ching-Shih-150x150.jpg"], ["ltl", true], ["created_at", "2020-05-05 22:25:48.081052"], ["updated_at", "2020-05-05 22:25:48.081052"]]
  [1m[35m (0.4ms)[0m  [1m[35mCOMMIT[0m
  [1m[35m (0.1ms)[0m  [1m[35mBEGIN[0m
  [1m[36mUser Create (0.4ms)[0m  [1m[32mINSERT INTO "users" ("name", "starsign", "age", "img", "ltl", "created_at", "updated_at") VALUES ($1, $2, $3, $4, $5, $6, $7) RETURNING "id"[0m  [["name", "Galadriel"], ["starsign", "Sagittarius"], ["age", 7045], ["img", "http://nerdbastards.com/wp-content/uploads/2015/12/Galadriel-and-Phial-150x150.jpg"], ["ltl", true], ["created_at", "2020-05-05 22:25:48.086231"], ["updated_at", "2020-05-05 22:25:48.086231"]]
  [1m[35m (0.4ms)[0m  [1m[35mCOMMIT[0m
  [1m[35m (0.1ms)[0m  [1m[35mBEGIN[0m
  [1m[36mUser Create (0.5ms)[0m  [1m[32mINSERT INTO "users" ("name", "starsign", "age", "img", "ltl", "created_at", "updated_at") VALUES ($1, $2, $3, $4, $5, $6, $7) RETURNING "id"[0m  [["name", "Skeletor"], ["starsign", "Cancer"], ["age", 19], ["img", "http://www.shwiggie.com/media/images/skeletor-smirk.jpg"], ["ltl", true], ["created_at", "2020-05-05 22:25:48.090941"], ["updated_at", "2020-05-05 22:25:48.090941"]]
  [1m[35m (0.5ms)[0m  [1m[35mCOMMIT[0m
  [1m[35m (0.2ms)[0m  [1m[35mBEGIN[0m
  [1m[36mUser Create (0.5ms)[0m  [1m[32mINSERT INTO "users" ("name", "starsign", "age", "img", "ltl", "created_at", "updated_at") VALUES ($1, $2, $3, $4, $5, $6, $7) RETURNING "id"[0m  [["name", "Sauron"], ["starsign", "Taurus"], ["age", 198], ["img", "http://ia.media-imdb.com/images/M/MV5BMTc0Njk5NDQwNl5BMl5BanBnXkFtZTYwNTU3NTky._V1_SX150_CR0,0,150,150_.jpg"], ["ltl", false], ["created_at", "2020-05-05 22:25:48.096605"], ["updated_at", "2020-05-05 22:25:48.096605"]]
  [1m[35m (0.5ms)[0m  [1m[35mCOMMIT[0m
Started GET "/users" for ::1 at 2020-05-05 18:26:11 -0400
  [1m[35m (1.1ms)[0m  [1m[34mSELECT "schema_migrations"."version" FROM "schema_migrations" ORDER BY "schema_migrations"."version" ASC[0m
Processing by UsersController#index as HTML
  [1m[36mUser Load (3.3ms)[0m  [1m[34mSELECT "users".* FROM "users"[0m
  ↳ app/controllers/users_controller.rb:8:in `index'
Completed 200 OK in 34ms (Views: 19.0ms | ActiveRecord: 11.7ms | Allocations: 9975)


Started GET "/users" for ::1 at 2020-05-05 22:03:45 -0400
  [1m[35m (2.9ms)[0m  [1m[34mSELECT "schema_migrations"."version" FROM "schema_migrations" ORDER BY "schema_migrations"."version" ASC[0m
Processing by UsersController#index as HTML
  [1m[36mUser Load (1.7ms)[0m  [1m[34mSELECT "users".* FROM "users"[0m
  ↳ app/controllers/users_controller.rb:8:in `index'
Completed 200 OK in 60ms (Views: 33.1ms | ActiveRecord: 22.3ms | Allocations: 9975)


Started GET "/users" for ::1 at 2020-05-07 22:07:25 -0400
  [1m[35m (4.3ms)[0m  [1m[34mSELECT "schema_migrations"."version" FROM "schema_migrations" ORDER BY "schema_migrations"."version" ASC[0m
Processing by UsersController#index as HTML
  [1m[36mUser Load (3.9ms)[0m  [1m[34mSELECT "users".* FROM "users"[0m
  ↳ app/controllers/users_controller.rb:8:in `index'
Completed 200 OK in 50ms (Views: 26.3ms | ActiveRecord: 19.8ms | Allocations: 9976)


Started GET "/users" for ::1 at 2020-05-07 22:30:57 -0400
Processing by UsersController#index as */*
  [1m[36mUser Load (2.6ms)[0m  [1m[34mSELECT "users".* FROM "users"[0m
  ↳ app/controllers/users_controller.rb:8:in `index'
Completed 200 OK in 51ms (Views: 36.0ms | ActiveRecord: 2.6ms | Allocations: 3584)


Started GET "/users" for ::1 at 2020-05-07 22:32:17 -0400
Processing by UsersController#index as */*
  [1m[36mUser Load (0.6ms)[0m  [1m[34mSELECT "users".* FROM "users"[0m
  ↳ app/controllers/users_controller.rb:8:in `index'
Completed 200 OK in 9ms (Views: 7.7ms | ActiveRecord: 0.6ms | Allocations: 3473)


Started GET "/users" for ::1 at 2020-05-07 22:33:48 -0400
  [1m[35m (1.6ms)[0m  [1m[34mSELECT "schema_migrations"."version" FROM "schema_migrations" ORDER BY "schema_migrations"."version" ASC[0m
Processing by UsersController#index as */*
  [1m[36mUser Load (0.7ms)[0m  [1m[34mSELECT "users".* FROM "users"[0m
  ↳ app/controllers/users_controller.rb:8:in `index'
Completed 200 OK in 27ms (Views: 15.4ms | ActiveRecord: 9.0ms | Allocations: 9978)


