  [1m[35m (250.5ms)[0m  [1m[35mCREATE DATABASE "tweeter_app_api_development" ENCODING = 'unicode'[0m
  [1m[35m (103.1ms)[0m  [1m[35mCREATE DATABASE "tweeter_app_api_test" ENCODING = 'unicode'[0m
  [1m[35m (38.7ms)[0m  [1m[35mCREATE TABLE "schema_migrations" ("version" character varying NOT NULL PRIMARY KEY)[0m
  [1m[35m (6.4ms)[0m  [1m[35mCREATE TABLE "ar_internal_metadata" ("key" character varying NOT NULL PRIMARY KEY, "value" character varying, "created_at" timestamp(6) NOT NULL, "updated_at" timestamp(6) NOT NULL)[0m
  [1m[35m (0.8ms)[0m  [1m[34mSELECT pg_try_advisory_lock(1344325399035759420)[0m
  [1m[35m (1.0ms)[0m  [1m[34mSELECT "schema_migrations"."version" FROM "schema_migrations" ORDER BY "schema_migrations"."version" ASC[0m
Migrating to CreateTweets (20200425195211)
  [1m[35m (0.3ms)[0m  [1m[35mBEGIN[0m
  [1m[35m (8.5ms)[0m  [1m[35mCREATE TABLE "tweets" ("id" bigserial primary key, "title" character varying, "content" text, "author" character varying)[0m
  [1m[36mprimary::SchemaMigration Create (0.9ms)[0m  [1m[32mINSERT INTO "schema_migrations" ("version") VALUES ($1) RETURNING "version"[0m  [["version", "20200425195211"]]
  [1m[35m (0.7ms)[0m  [1m[35mCOMMIT[0m
  [1m[36mActiveRecord::InternalMetadata Load (0.5ms)[0m  [1m[34mSELECT "ar_internal_metadata".* FROM "ar_internal_metadata" WHERE "ar_internal_metadata"."key" = $1 LIMIT $2[0m  [["key", "environment"], ["LIMIT", 1]]
  [1m[35m (0.3ms)[0m  [1m[35mBEGIN[0m
  [1m[36mActiveRecord::InternalMetadata Create (1.3ms)[0m  [1m[32mINSERT INTO "ar_internal_metadata" ("key", "value", "created_at", "updated_at") VALUES ($1, $2, $3, $4) RETURNING "key"[0m  [["key", "environment"], ["value", "development"], ["created_at", "2020-04-25 19:55:12.965176"], ["updated_at", "2020-04-25 19:55:12.965176"]]
  [1m[35m (0.5ms)[0m  [1m[35mCOMMIT[0m
  [1m[35m (0.6ms)[0m  [1m[34mSELECT pg_advisory_unlock(1344325399035759420)[0m
  [1m[35m (1.4ms)[0m  [1m[34mSELECT "schema_migrations"."version" FROM "schema_migrations" ORDER BY "schema_migrations"."version" ASC[0m
  [1m[35m (1.0ms)[0m  [1m[34mSELECT "schema_migrations"."version" FROM "schema_migrations" ORDER BY "schema_migrations"."version" ASC[0m
  [1m[35m (0.2ms)[0m  [1m[35mBEGIN[0m
  [1m[36mTweet Create (1.1ms)[0m  [1m[32mINSERT INTO "tweets" ("title", "content", "author") VALUES ($1, $2, $3) RETURNING "id"[0m  [["title", "Just found this"], ["content", "the square of the hypotenuse is equal to the sum of the squares of the other two sides"], ["author", "Pythagoras570"]]
  [1m[35m (0.5ms)[0m  [1m[35mCOMMIT[0m
  [1m[35m (0.2ms)[0m  [1m[35mBEGIN[0m
  [1m[36mTweet Create (0.7ms)[0m  [1m[32mINSERT INTO "tweets" ("title", "content", "author") VALUES ($1, $2, $3) RETURNING "id"[0m  [["title", "I'm walkin' here"], ["content", "Hey, I'm walkin' here!"], ["author", "Nicky62"]]
  [1m[35m (0.5ms)[0m  [1m[35mCOMMIT[0m
  [1m[36mTweet Load (0.5ms)[0m  [1m[34mSELECT "tweets".* FROM "tweets" LIMIT $1[0m  [["LIMIT", 11]]
  [1m[36mTweet Load (1.0ms)[0m  [1m[34mSELECT "tweets".* FROM "tweets"[0m
Started GET "/tweets" for ::1 at 2020-04-25 16:06:58 -0400
  [1m[35m (1.3ms)[0m  [1m[34mSELECT "schema_migrations"."version" FROM "schema_migrations" ORDER BY "schema_migrations"."version" ASC[0m
Processing by TweetsController#index as HTML
  [1m[36mTweet Load (0.9ms)[0m  [1m[34mSELECT "tweets".* FROM "tweets"[0m
  ↳ app/controllers/tweets_controller.rb:4:in `index'
Completed 200 OK in 23ms (Views: 10.1ms | ActiveRecord: 9.5ms | Allocations: 4593)


Started GET "/tweets/1" for ::1 at 2020-04-25 16:07:06 -0400
Processing by TweetsController#show as HTML
  Parameters: {"id"=>"1"}
  [1m[36mTweet Load (0.7ms)[0m  [1m[34mSELECT "tweets".* FROM "tweets" WHERE "tweets"."id" = $1 LIMIT $2[0m  [["id", 1], ["LIMIT", 1]]
  ↳ app/controllers/tweets_controller.rb:9:in `show'
Completed 200 OK in 9ms (Views: 0.4ms | ActiveRecord: 1.0ms | Allocations: 1513)


Started GET "/tweets" for ::1 at 2020-04-25 16:07:09 -0400
Processing by TweetsController#index as HTML
  [1m[36mTweet Load (0.6ms)[0m  [1m[34mSELECT "tweets".* FROM "tweets"[0m
  ↳ app/controllers/tweets_controller.rb:4:in `index'
Completed 200 OK in 5ms (Views: 3.7ms | ActiveRecord: 0.6ms | Allocations: 1072)


Started GET "/tweets" for ::1 at 2020-04-25 16:14:05 -0400
Processing by TweetsController#index as */*
  [1m[36mTweet Load (3.0ms)[0m  [1m[34mSELECT "tweets".* FROM "tweets"[0m
  ↳ app/controllers/tweets_controller.rb:4:in `index'
Completed 200 OK in 20ms (Views: 14.0ms | ActiveRecord: 3.0ms | Allocations: 4119)


Started POST "/tweets" for ::1 at 2020-04-25 16:16:02 -0400
Processing by TweetsController#create as */*
  Parameters: {"tweet"=>{"title"=>"isolation ponderings", "content"=>"If I'm excited about toilet bowl cleaner, is the isolation to blame or am I just getting old?", "author"=>"heathers989"}}
  [1m[35m (0.3ms)[0m  [1m[35mBEGIN[0m
  ↳ app/controllers/tweets_controller.rb:15:in `create'
  [1m[36mTweet Create (1.7ms)[0m  [1m[32mINSERT INTO "tweets" ("title", "content", "author") VALUES ($1, $2, $3) RETURNING "id"[0m  [["title", "isolation ponderings"], ["content", "If I'm excited about toilet bowl cleaner, is the isolation to blame or am I just getting old?"], ["author", "heathers989"]]
  ↳ app/controllers/tweets_controller.rb:15:in `create'
  [1m[35m (0.8ms)[0m  [1m[35mCOMMIT[0m
  ↳ app/controllers/tweets_controller.rb:15:in `create'
Completed 200 OK in 11ms (Views: 1.2ms | ActiveRecord: 2.7ms | Allocations: 2441)


Started GET "/tweets" for ::1 at 2020-04-25 16:16:12 -0400
Processing by TweetsController#index as */*
  Parameters: {"tweet"=>{"title"=>"isolation ponderings", "content"=>"If I'm excited about toilet bowl cleaner, is the isolation to blame or am I just getting old?", "author"=>"heathers989"}}
  [1m[36mTweet Load (0.9ms)[0m  [1m[34mSELECT "tweets".* FROM "tweets"[0m
  ↳ app/controllers/tweets_controller.rb:4:in `index'
Completed 200 OK in 4ms (Views: 2.8ms | ActiveRecord: 0.9ms | Allocations: 1169)


Started GET "/tweets/3" for ::1 at 2020-04-25 16:18:19 -0400
Processing by TweetsController#show as */*
  Parameters: {"tweet"=>{"title"=>"isolation ponderings", "content"=>"If I'm excited about toilet bowl cleaner, is the isolation to blame or am I just getting old?", "author"=>"heathers989"}, "id"=>"3"}
  [1m[36mTweet Load (1.0ms)[0m  [1m[34mSELECT "tweets".* FROM "tweets" WHERE "tweets"."id" = $1 LIMIT $2[0m  [["id", 3], ["LIMIT", 1]]
  ↳ app/controllers/tweets_controller.rb:9:in `show'
Completed 200 OK in 41ms (Views: 0.5ms | ActiveRecord: 21.3ms | Allocations: 4086)


Started PUT "/tweets/3" for ::1 at 2020-04-25 16:19:06 -0400
Processing by TweetsController#update as */*
  Parameters: {"tweet"=>{"title"=>"Isolation ponderings part I", "content"=>"If I'm excited about toilet bowl cleaner, is the isolation to blame or am I just getting old?", "author"=>"heathers989"}, "id"=>"3"}
  [1m[36mTweet Load (0.7ms)[0m  [1m[34mSELECT "tweets".* FROM "tweets" WHERE "tweets"."id" = $1 LIMIT $2[0m  [["id", 3], ["LIMIT", 1]]
  ↳ app/controllers/tweets_controller.rb:23:in `update'
  [1m[35m (0.2ms)[0m  [1m[35mBEGIN[0m
  ↳ app/controllers/tweets_controller.rb:24:in `update'
  [1m[36mTweet Update (0.9ms)[0m  [1m[33mUPDATE "tweets" SET "title" = $1 WHERE "tweets"."id" = $2[0m  [["title", "Isolation ponderings part I"], ["id", 3]]
  ↳ app/controllers/tweets_controller.rb:24:in `update'
  [1m[35m (0.9ms)[0m  [1m[35mCOMMIT[0m
  ↳ app/controllers/tweets_controller.rb:24:in `update'
Completed 200 OK in 21ms (Views: 1.8ms | ActiveRecord: 2.7ms | Allocations: 2897)


Started GET "/tweets" for ::1 at 2020-04-25 16:19:52 -0400
Processing by TweetsController#index as */*
  Parameters: {"tweet"=>{"title"=>"Isolation ponderings part I", "content"=>"If I'm excited about toilet bowl cleaner, is the isolation to blame or am I just getting old?", "author"=>"heathers989"}}
  [1m[36mTweet Load (0.6ms)[0m  [1m[34mSELECT "tweets".* FROM "tweets"[0m
  ↳ app/controllers/tweets_controller.rb:4:in `index'
Completed 200 OK in 6ms (Views: 5.2ms | ActiveRecord: 0.6ms | Allocations: 1154)


Started GET "/tweets/meta" for ::1 at 2020-04-25 16:25:41 -0400
Processing by TweetsController#show as HTML
  Parameters: {"id"=>"meta"}
  [1m[36mTweet Load (0.6ms)[0m  [1m[34mSELECT "tweets".* FROM "tweets" WHERE "tweets"."id" = $1 LIMIT $2[0m  [["id", nil], ["LIMIT", 1]]
  ↳ app/controllers/tweets_controller.rb:9:in `show'
Completed 404 Not Found in 8ms (ActiveRecord: 0.9ms | Allocations: 1432)


  
ActiveRecord::RecordNotFound (Couldn't find Tweet with 'id'=meta):
  
app/controllers/tweets_controller.rb:9:in `show'
Started GET "/meta" for ::1 at 2020-04-25 16:25:48 -0400
  
AbstractController::ActionNotFound (The action 'about' could not be found for MetaController):
  
actionpack (6.0.2.2) lib/abstract_controller/base.rb:131:in `process'
actionpack (6.0.2.2) lib/action_controller/metal.rb:191:in `dispatch'
actionpack (6.0.2.2) lib/action_controller/metal.rb:252:in `dispatch'
actionpack (6.0.2.2) lib/action_dispatch/routing/route_set.rb:51:in `dispatch'
actionpack (6.0.2.2) lib/action_dispatch/routing/route_set.rb:33:in `serve'
actionpack (6.0.2.2) lib/action_dispatch/journey/router.rb:49:in `block in serve'
actionpack (6.0.2.2) lib/action_dispatch/journey/router.rb:32:in `each'
actionpack (6.0.2.2) lib/action_dispatch/journey/router.rb:32:in `serve'
actionpack (6.0.2.2) lib/action_dispatch/routing/route_set.rb:837:in `call'
rack (2.2.2) lib/rack/etag.rb:27:in `call'
rack (2.2.2) lib/rack/conditional_get.rb:27:in `call'
rack (2.2.2) lib/rack/head.rb:12:in `call'
activerecord (6.0.2.2) lib/active_record/migration.rb:567:in `call'
actionpack (6.0.2.2) lib/action_dispatch/middleware/callbacks.rb:27:in `block in call'
activesupport (6.0.2.2) lib/active_support/callbacks.rb:101:in `run_callbacks'
actionpack (6.0.2.2) lib/action_dispatch/middleware/callbacks.rb:26:in `call'
actionpack (6.0.2.2) lib/action_dispatch/middleware/executor.rb:14:in `call'
actionpack (6.0.2.2) lib/action_dispatch/middleware/actionable_exceptions.rb:17:in `call'
actionpack (6.0.2.2) lib/action_dispatch/middleware/debug_exceptions.rb:32:in `call'
actionpack (6.0.2.2) lib/action_dispatch/middleware/show_exceptions.rb:33:in `call'
railties (6.0.2.2) lib/rails/rack/logger.rb:38:in `call_app'
railties (6.0.2.2) lib/rails/rack/logger.rb:26:in `block in call'
activesupport (6.0.2.2) lib/active_support/tagged_logging.rb:80:in `block in tagged'
activesupport (6.0.2.2) lib/active_support/tagged_logging.rb:28:in `tagged'
activesupport (6.0.2.2) lib/active_support/tagged_logging.rb:80:in `tagged'
railties (6.0.2.2) lib/rails/rack/logger.rb:26:in `call'
actionpack (6.0.2.2) lib/action_dispatch/middleware/remote_ip.rb:81:in `call'
actionpack (6.0.2.2) lib/action_dispatch/middleware/request_id.rb:27:in `call'
rack (2.2.2) lib/rack/runtime.rb:22:in `call'
activesupport (6.0.2.2) lib/active_support/cache/strategy/local_cache_middleware.rb:29:in `call'
actionpack (6.0.2.2) lib/action_dispatch/middleware/executor.rb:14:in `call'
actionpack (6.0.2.2) lib/action_dispatch/middleware/static.rb:126:in `call'
rack (2.2.2) lib/rack/sendfile.rb:110:in `call'
actionpack (6.0.2.2) lib/action_dispatch/middleware/host_authorization.rb:83:in `call'
railties (6.0.2.2) lib/rails/engine.rb:526:in `call'
puma (4.3.3) lib/puma/configuration.rb:228:in `call'
puma (4.3.3) lib/puma/server.rb:682:in `handle_request'
puma (4.3.3) lib/puma/server.rb:472:in `process_client'
puma (4.3.3) lib/puma/server.rb:328:in `block in run'
puma (4.3.3) lib/puma/thread_pool.rb:134:in `block in spawn_thread'
Started GET "/meta" for ::1 at 2020-04-25 16:26:39 -0400
Processing by MetaController#about as HTML
Completed 200 OK in 1ms (Views: 0.2ms | ActiveRecord: 0.0ms | Allocations: 133)


Started GET "/meta" for ::1 at 2020-04-25 16:27:02 -0400
Processing by MetaController#about as HTML
Completed 200 OK in 0ms (Views: 0.2ms | ActiveRecord: 0.0ms | Allocations: 129)


Started POST "/tweets" for ::1 at 2020-04-25 16:30:44 -0400
Processing by TweetsController#create as */*
  Parameters: {"tweet"=>{"title"=>"Isolation ponderings part II", "content"=>"", "author"=>"heathers989"}}
Completed 422 Unprocessable Entity in 81ms (Views: 0.5ms | ActiveRecord: 38.4ms | Allocations: 7206)


Started POST "/tweets" for ::1 at 2020-04-25 16:33:09 -0400
Processing by TweetsController#create as */*
  Parameters: {"tweet"=>{"title"=>"Isolation ponderings part I", "content"=>"wi-fi is an essential service", "author"=>"heathers989"}}
  [1m[35m (0.4ms)[0m  [1m[35mBEGIN[0m
  ↳ app/controllers/tweets_controller.rb:15:in `create'
  [1m[36mTweet Exists? (1.5ms)[0m  [1m[34mSELECT 1 AS one FROM "tweets" WHERE "tweets"."title" = $1 LIMIT $2[0m  [["title", "Isolation ponderings part I"], ["LIMIT", 1]]
  ↳ app/controllers/tweets_controller.rb:15:in `create'
  [1m[35m (1.1ms)[0m  [1m[31mROLLBACK[0m
  ↳ app/controllers/tweets_controller.rb:15:in `create'
Completed 422 Unprocessable Entity in 41ms (Views: 0.5ms | ActiveRecord: 11.9ms | Allocations: 6567)


Started POST "/tweets" for ::1 at 2020-04-25 16:34:32 -0400
Processing by TweetsController#create as */*
  Parameters: {"tweet"=>{"title"=>"Isolation ponderings part II", "content"=>"wi-fi is an essential service", "author"=>"heathers989"}}
  [1m[35m (5.3ms)[0m  [1m[35mBEGIN[0m
  ↳ app/controllers/tweets_controller.rb:15:in `create'
  [1m[36mTweet Exists? (1.8ms)[0m  [1m[34mSELECT 1 AS one FROM "tweets" WHERE "tweets"."title" = $1 LIMIT $2[0m  [["title", "Isolation ponderings part II"], ["LIMIT", 1]]
  ↳ app/controllers/tweets_controller.rb:15:in `create'
  [1m[36mTweet Create (4.4ms)[0m  [1m[32mINSERT INTO "tweets" ("title", "content", "author") VALUES ($1, $2, $3) RETURNING "id"[0m  [["title", "Isolation ponderings part II"], ["content", "wi-fi is an essential service"], ["author", "heathers989"]]
  ↳ app/controllers/tweets_controller.rb:15:in `create'
  [1m[35m (1.5ms)[0m  [1m[35mCOMMIT[0m
  ↳ app/controllers/tweets_controller.rb:15:in `create'
Completed 200 OK in 24ms (Views: 0.5ms | ActiveRecord: 13.0ms | Allocations: 3316)


Started GET "/tweets" for ::1 at 2020-04-25 16:34:46 -0400
Processing by TweetsController#index as */*
  [1m[36mTweet Load (1.0ms)[0m  [1m[34mSELECT "tweets".* FROM "tweets"[0m
  ↳ app/controllers/tweets_controller.rb:4:in `index'
Completed 200 OK in 4ms (Views: 2.9ms | ActiveRecord: 1.0ms | Allocations: 1279)


  [1m[35m (0.3ms)[0m  [1m[34mSELECT pg_try_advisory_lock(1344325399035759420)[0m
  [1m[35m (1.0ms)[0m  [1m[34mSELECT "schema_migrations"."version" FROM "schema_migrations" ORDER BY "schema_migrations"."version" ASC[0m
Migrating to AddDefaultValueToColumn (20200425203724)
  [1m[35m (0.2ms)[0m  [1m[35mBEGIN[0m
  [1m[35m (4.1ms)[0m  [1m[35mALTER TABLE "tweets" ALTER COLUMN "content" SET DEFAULT 'I have interesting things to say'[0m
  [1m[36mprimary::SchemaMigration Create (0.6ms)[0m  [1m[32mINSERT INTO "schema_migrations" ("version") VALUES ($1) RETURNING "version"[0m  [["version", "20200425203724"]]
  [1m[35m (1.6ms)[0m  [1m[35mCOMMIT[0m
  [1m[36mActiveRecord::InternalMetadata Load (0.6ms)[0m  [1m[34mSELECT "ar_internal_metadata".* FROM "ar_internal_metadata" WHERE "ar_internal_metadata"."key" = $1 LIMIT $2[0m  [["key", "environment"], ["LIMIT", 1]]
  [1m[35m (0.4ms)[0m  [1m[34mSELECT pg_advisory_unlock(1344325399035759420)[0m
  [1m[35m (1.2ms)[0m  [1m[34mSELECT "schema_migrations"."version" FROM "schema_migrations" ORDER BY "schema_migrations"."version" ASC[0m
Started POST "/tweets" for ::1 at 2020-04-25 16:39:24 -0400
  [1m[35m (1.2ms)[0m  [1m[34mSELECT "schema_migrations"."version" FROM "schema_migrations" ORDER BY "schema_migrations"."version" ASC[0m
Processing by TweetsController#create as */*
  Parameters: {"tweet"=>{"title"=>"Isolation ponderings part III", "content"=>"", "author"=>"heathers989"}}
  [1m[35m (0.2ms)[0m  [1m[35mBEGIN[0m
  ↳ app/controllers/tweets_controller.rb:15:in `create'
  [1m[36mTweet Exists? (1.0ms)[0m  [1m[34mSELECT 1 AS one FROM "tweets" WHERE "tweets"."title" = $1 LIMIT $2[0m  [["title", "Isolation ponderings part III"], ["LIMIT", 1]]
  ↳ app/controllers/tweets_controller.rb:15:in `create'
  [1m[35m (0.6ms)[0m  [1m[31mROLLBACK[0m
  ↳ app/controllers/tweets_controller.rb:15:in `create'
Completed 422 Unprocessable Entity in 40ms (Views: 1.1ms | ActiveRecord: 11.5ms | Allocations: 8648)


Started GET "/tweets" for ::1 at 2020-04-25 16:40:17 -0400
Processing by TweetsController#index as */*
  [1m[36mTweet Load (0.5ms)[0m  [1m[34mSELECT "tweets".* FROM "tweets"[0m
  ↳ app/controllers/tweets_controller.rb:4:in `index'
Completed 200 OK in 5ms (Views: 3.3ms | ActiveRecord: 0.5ms | Allocations: 1327)


Started POST "/tweets" for ::1 at 2020-04-25 16:41:22 -0400
Processing by TweetsController#create as */*
  Parameters: {"tweet"=>{"title"=>"Isolation ponderings part III", "author"=>"heathers989"}}
  [1m[35m (3.6ms)[0m  [1m[35mBEGIN[0m
  ↳ app/controllers/tweets_controller.rb:15:in `create'
  [1m[36mTweet Exists? (1.3ms)[0m  [1m[34mSELECT 1 AS one FROM "tweets" WHERE "tweets"."title" = $1 LIMIT $2[0m  [["title", "Isolation ponderings part III"], ["LIMIT", 1]]
  ↳ app/controllers/tweets_controller.rb:15:in `create'
  [1m[36mTweet Create (6.3ms)[0m  [1m[32mINSERT INTO "tweets" ("title", "author") VALUES ($1, $2) RETURNING "id"[0m  [["title", "Isolation ponderings part III"], ["author", "heathers989"]]
  ↳ app/controllers/tweets_controller.rb:15:in `create'
  [1m[35m (6.4ms)[0m  [1m[35mCOMMIT[0m
  ↳ app/controllers/tweets_controller.rb:15:in `create'
Completed 200 OK in 48ms (Views: 0.5ms | ActiveRecord: 17.5ms | Allocations: 3364)


